<?xml version="1.0" encoding="UTF-8"?>
<!-- Generated by org.testng.reporters.JUnitReportReporter -->
<testsuite hostname="Balaji" failures="0" tests="3" name="com.synechron.test.DemoTest" time="20.891" errors="0" timestamp="2022-08-27T12:56:24 IST" skipped="0">
  <testcase classname="com.synechron.test.DemoTest" name="validTest" time="6.429"/>
  <system-out/>
  <testcase classname="com.synechron.test.DemoTest" name="validTest" time="8.469"/>
  <system-out/>
  <testcase classname="com.synechron.test.DemoTest" name="validTest" time="5.993"/>
  <system-out/>
</testsuite> <!-- com.synechron.test.DemoTest -->
