<?xml version="1.0" encoding="UTF-8"?>
<!-- Generated by org.testng.reporters.JUnitReportReporter -->
<testsuite hostname="Balaji" failures="0" tests="1" name="com.synechron.test.LoginTest" time="14.203" errors="0" timestamp="2022-08-28T12:41:51 IST" skipped="0">
  <testcase classname="com.synechron.test.LoginTest" name="validCredentialTest" time="14.203"/>
  <system-out/>
</testsuite> <!-- com.synechron.test.LoginTest -->
