<?xml version="1.0" encoding="UTF-8"?>
<!-- Generated by org.testng.reporters.JUnitReportReporter -->
<testsuite hostname="Balaji" failures="0" tests="2" name="com.synechron.test.LoginUITest" time="21.496" errors="0" timestamp="2022-08-28T11:26:21 IST" skipped="0">
  <testcase classname="com.synechron.test.LoginUITest" name="validateTitleTest" time="9.090"/>
  <system-out/>
  <testcase classname="com.synechron.test.LoginUITest" name="validateTitleTest" time="12.406"/>
  <system-out/>
</testsuite> <!-- com.synechron.test.LoginUITest -->
